
*** Running vivado
    with args -log system.vds -m64 -product Vivado -mode batch -messageDb vivado.pb -notrace -source system.tcl



****** Vivado v2024.1 (64-bit)
  **** SW Build 5076996 on Wed May 22 18:37:14 MDT 2024
  **** IP Build 5075265 on Wed May 22 21:45:21 MDT 2024
  **** SharedData Build 5076995 on Wed May 22 18:29:18 MDT 2024
  **** Start of session at: Tue Dec  3 22:29:14 2024
    ** Copyright 1986-2022 Xilinx, Inc. All Rights Reserved.
    ** Copyright 2022-2024 Advanced Micro Devices, Inc. All Rights Reserved.

source system.tcl -notrace
create_project: Time (s): cpu = 00:00:03 ; elapsed = 00:00:13 . Memory (MB): peak = 536.402 ; gain = 220.395
Command: read_checkpoint -auto_incremental -incremental D:/HardWareLab/Lab06/Lab06.srcs/utils_1/imports/synth_1/system.dcp
INFO: [Vivado 12-5825] Read reference checkpoint from D:/HardWareLab/Lab06/Lab06.srcs/utils_1/imports/synth_1/system.dcp for incremental synthesis
INFO: [Vivado 12-7989] Please ensure there are no constraint changes
Command: synth_design -top system -part xc7a35tcpg236-1
Starting synth_design
Attempting to get a license for feature 'Synthesis' and/or device 'xc7a35t'
INFO: [Common 17-349] Got license for feature 'Synthesis' and/or device 'xc7a35t'
INFO: [Device 21-403] Loading part xc7a35tcpg236-1
INFO: [Device 21-9227] Part: xc7a35tcpg236-1 does not have CEAM library.
INFO: [Designutils 20-5440] No compile time benefit to using incremental synthesis; A full resynthesis will be run
INFO: [Designutils 20-4379] Flow is switching to default flow due to incremental criteria not met. If you would like to alter this behaviour and have the flow terminate instead, please set the following parameter config_implementation {autoIncr.Synth.RejectBehavior Terminate}
INFO: [Synth 8-7079] Multithreading enabled for synth_design using a maximum of 2 processes.
INFO: [Synth 8-7078] Launching helper process for spawning children vivado processes
INFO: [Synth 8-7075] Helper process launched with PID 8168
---------------------------------------------------------------------------------
Starting RTL Elaboration : Time (s): cpu = 00:00:03 ; elapsed = 00:00:06 . Memory (MB): peak = 1389.223 ; gain = 449.434
---------------------------------------------------------------------------------
WARNING: [Synth 8-11121] redeclaration of ANSI port 'clkDiv' is not allowed [D:/HardWareLab/Lab06/Lab06.srcs/sources_1/new/clockDiv.v:7]
WARNING: [Synth 8-11121] redeclaration of ANSI port 'segments' is not allowed [D:/HardWareLab/Lab06/Lab06.srcs/sources_1/new/hexTo7Segment.v:8]
INFO: [Synth 8-6157] synthesizing module 'system' [D:/HardWareLab/Lab06/Lab06.srcs/sources_1/new/system.v:2]
INFO: [Synth 8-6157] synthesizing module 'clockDiv' [D:/HardWareLab/Lab06/Lab06.srcs/sources_1/new/clockDiv.v:2]
INFO: [Synth 8-6155] done synthesizing module 'clockDiv' (0#1) [D:/HardWareLab/Lab06/Lab06.srcs/sources_1/new/clockDiv.v:2]
INFO: [Synth 8-6157] synthesizing module 'uart' [D:/HardWareLab/Lab06/Lab06.srcs/sources_1/new/uart.v:2]
INFO: [Synth 8-6157] synthesizing module 'baudrate_gen' [D:/HardWareLab/Lab06/Lab06.srcs/sources_1/new/baudrate_gen.v:2]
INFO: [Synth 8-6155] done synthesizing module 'baudrate_gen' (0#1) [D:/HardWareLab/Lab06/Lab06.srcs/sources_1/new/baudrate_gen.v:2]
INFO: [Synth 8-6157] synthesizing module 'uart_rx' [D:/HardWareLab/Lab06/Lab06.srcs/sources_1/new/uart_rx.v:3]
INFO: [Synth 8-155] case statement is not full and has no default [D:/HardWareLab/Lab06/Lab06.srcs/sources_1/new/uart_rx.v:25]
INFO: [Synth 8-6155] done synthesizing module 'uart_rx' (0#1) [D:/HardWareLab/Lab06/Lab06.srcs/sources_1/new/uart_rx.v:3]
INFO: [Synth 8-6157] synthesizing module 'uart_tx' [D:/HardWareLab/Lab06/Lab06.srcs/sources_1/new/uart_tx.v:2]
INFO: [Synth 8-155] case statement is not full and has no default [D:/HardWareLab/Lab06/Lab06.srcs/sources_1/new/uart_tx.v:29]
INFO: [Synth 8-6155] done synthesizing module 'uart_tx' (0#1) [D:/HardWareLab/Lab06/Lab06.srcs/sources_1/new/uart_tx.v:2]
INFO: [Synth 8-6155] done synthesizing module 'uart' (0#1) [D:/HardWareLab/Lab06/Lab06.srcs/sources_1/new/uart.v:2]
INFO: [Synth 8-6157] synthesizing module 'quadSevenSeg' [D:/HardWareLab/Lab06/Lab06.srcs/sources_1/new/quadSevenSeg.v:2]
INFO: [Synth 8-6157] synthesizing module 'hexTo7Segment' [D:/HardWareLab/Lab06/Lab06.srcs/sources_1/new/hexTo7Segment.v:3]
INFO: [Synth 8-6155] done synthesizing module 'hexTo7Segment' (0#1) [D:/HardWareLab/Lab06/Lab06.srcs/sources_1/new/hexTo7Segment.v:3]
WARNING: [Synth 8-567] referenced signal 'num0' should be on the sensitivity list [D:/HardWareLab/Lab06/Lab06.srcs/sources_1/new/quadSevenSeg.v:44]
WARNING: [Synth 8-567] referenced signal 'num1' should be on the sensitivity list [D:/HardWareLab/Lab06/Lab06.srcs/sources_1/new/quadSevenSeg.v:44]
WARNING: [Synth 8-567] referenced signal 'num2' should be on the sensitivity list [D:/HardWareLab/Lab06/Lab06.srcs/sources_1/new/quadSevenSeg.v:44]
WARNING: [Synth 8-567] referenced signal 'num3' should be on the sensitivity list [D:/HardWareLab/Lab06/Lab06.srcs/sources_1/new/quadSevenSeg.v:44]
INFO: [Synth 8-6155] done synthesizing module 'quadSevenSeg' (0#1) [D:/HardWareLab/Lab06/Lab06.srcs/sources_1/new/quadSevenSeg.v:2]
INFO: [Synth 8-6155] done synthesizing module 'system' (0#1) [D:/HardWareLab/Lab06/Lab06.srcs/sources_1/new/system.v:2]
WARNING: [Synth 8-7129] Port sw[7] in module system is either unconnected or has no load
WARNING: [Synth 8-7129] Port sw[6] in module system is either unconnected or has no load
WARNING: [Synth 8-7129] Port sw[5] in module system is either unconnected or has no load
WARNING: [Synth 8-7129] Port sw[4] in module system is either unconnected or has no load
WARNING: [Synth 8-7129] Port sw[3] in module system is either unconnected or has no load
WARNING: [Synth 8-7129] Port sw[2] in module system is either unconnected or has no load
WARNING: [Synth 8-7129] Port sw[1] in module system is either unconnected or has no load
WARNING: [Synth 8-7129] Port sw[0] in module system is either unconnected or has no load
---------------------------------------------------------------------------------
Finished RTL Elaboration : Time (s): cpu = 00:00:04 ; elapsed = 00:00:08 . Memory (MB): peak = 1498.164 ; gain = 558.375
---------------------------------------------------------------------------------
---------------------------------------------------------------------------------
Start Handling Custom Attributes
---------------------------------------------------------------------------------
---------------------------------------------------------------------------------
Finished Handling Custom Attributes : Time (s): cpu = 00:00:04 ; elapsed = 00:00:08 . Memory (MB): peak = 1498.164 ; gain = 558.375
---------------------------------------------------------------------------------
---------------------------------------------------------------------------------
Finished RTL Optimization Phase 1 : Time (s): cpu = 00:00:04 ; elapsed = 00:00:08 . Memory (MB): peak = 1498.164 ; gain = 558.375
---------------------------------------------------------------------------------
Netlist sorting complete. Time (s): cpu = 00:00:00 ; elapsed = 00:00:00.002 . Memory (MB): peak = 1498.164 ; gain = 0.000
INFO: [Project 1-570] Preparing netlist for logic optimization

Processing XDC Constraints
Initializing timing engine
Parsing XDC File [D:/HardWareLab/Lab06/Lab06.srcs/constrs_1/new/Basys3_Master.xdc]
WARNING: [Vivado 12-584] No ports matched 'sw[8]'. [D:/HardWareLab/Lab06/Lab06.srcs/constrs_1/new/Basys3_Master.xdc:22]
CRITICAL WARNING: [Common 17-55] 'set_property' expects at least one object. [D:/HardWareLab/Lab06/Lab06.srcs/constrs_1/new/Basys3_Master.xdc:22]
Resolution: If [get_<value>] was used to populate the object, check to make sure this command returns at least one valid object.
WARNING: [Vivado 12-584] No ports matched 'sw[8]'. [D:/HardWareLab/Lab06/Lab06.srcs/constrs_1/new/Basys3_Master.xdc:23]
CRITICAL WARNING: [Common 17-55] 'set_property' expects at least one object. [D:/HardWareLab/Lab06/Lab06.srcs/constrs_1/new/Basys3_Master.xdc:23]
Resolution: If [get_<value>] was used to populate the object, check to make sure this command returns at least one valid object.
WARNING: [Vivado 12-584] No ports matched 'sw[9]'. [D:/HardWareLab/Lab06/Lab06.srcs/constrs_1/new/Basys3_Master.xdc:24]
CRITICAL WARNING: [Common 17-55] 'set_property' expects at least one object. [D:/HardWareLab/Lab06/Lab06.srcs/constrs_1/new/Basys3_Master.xdc:24]
Resolution: If [get_<value>] was used to populate the object, check to make sure this command returns at least one valid object.
WARNING: [Vivado 12-584] No ports matched 'sw[9]'. [D:/HardWareLab/Lab06/Lab06.srcs/constrs_1/new/Basys3_Master.xdc:25]
CRITICAL WARNING: [Common 17-55] 'set_property' expects at least one object. [D:/HardWareLab/Lab06/Lab06.srcs/constrs_1/new/Basys3_Master.xdc:25]
Resolution: If [get_<value>] was used to populate the object, check to make sure this command returns at least one valid object.
WARNING: [Vivado 12-584] No ports matched 'sw[10]'. [D:/HardWareLab/Lab06/Lab06.srcs/constrs_1/new/Basys3_Master.xdc:26]
CRITICAL WARNING: [Common 17-55] 'set_property' expects at least one object. [D:/HardWareLab/Lab06/Lab06.srcs/constrs_1/new/Basys3_Master.xdc:26]
Resolution: If [get_<value>] was used to populate the object, check to make sure this command returns at least one valid object.
WARNING: [Vivado 12-584] No ports matched 'sw[10]'. [D:/HardWareLab/Lab06/Lab06.srcs/constrs_1/new/Basys3_Master.xdc:27]
CRITICAL WARNING: [Common 17-55] 'set_property' expects at least one object. [D:/HardWareLab/Lab06/Lab06.srcs/constrs_1/new/Basys3_Master.xdc:27]
Resolution: If [get_<value>] was used to populate the object, check to make sure this command returns at least one valid object.
WARNING: [Vivado 12-584] No ports matched 'sw[11]'. [D:/HardWareLab/Lab06/Lab06.srcs/constrs_1/new/Basys3_Master.xdc:28]
CRITICAL WARNING: [Common 17-55] 'set_property' expects at least one object. [D:/HardWareLab/Lab06/Lab06.srcs/constrs_1/new/Basys3_Master.xdc:28]
Resolution: If [get_<value>] was used to populate the object, check to make sure this command returns at least one valid object.
WARNING: [Vivado 12-584] No ports matched 'sw[11]'. [D:/HardWareLab/Lab06/Lab06.srcs/constrs_1/new/Basys3_Master.xdc:29]
CRITICAL WARNING: [Common 17-55] 'set_property' expects at least one object. [D:/HardWareLab/Lab06/Lab06.srcs/constrs_1/new/Basys3_Master.xdc:29]
Resolution: If [get_<value>] was used to populate the object, check to make sure this command returns at least one valid object.
WARNING: [Vivado 12-584] No ports matched 'sw[12]'. [D:/HardWareLab/Lab06/Lab06.srcs/constrs_1/new/Basys3_Master.xdc:30]
CRITICAL WARNING: [Common 17-55] 'set_property' expects at least one object. [D:/HardWareLab/Lab06/Lab06.srcs/constrs_1/new/Basys3_Master.xdc:30]
Resolution: If [get_<value>] was used to populate the object, check to make sure this command returns at least one valid object.
WARNING: [Vivado 12-584] No ports matched 'sw[12]'. [D:/HardWareLab/Lab06/Lab06.srcs/constrs_1/new/Basys3_Master.xdc:31]
CRITICAL WARNING: [Common 17-55] 'set_property' expects at least one object. [D:/HardWareLab/Lab06/Lab06.srcs/constrs_1/new/Basys3_Master.xdc:31]
Resolution: If [get_<value>] was used to populate the object, check to make sure this command returns at least one valid object.
WARNING: [Vivado 12-584] No ports matched 'sw[13]'. [D:/HardWareLab/Lab06/Lab06.srcs/constrs_1/new/Basys3_Master.xdc:32]
CRITICAL WARNING: [Common 17-55] 'set_property' expects at least one object. [D:/HardWareLab/Lab06/Lab06.srcs/constrs_1/new/Basys3_Master.xdc:32]
Resolution: If [get_<value>] was used to populate the object, check to make sure this command returns at least one valid object.
WARNING: [Vivado 12-584] No ports matched 'sw[13]'. [D:/HardWareLab/Lab06/Lab06.srcs/constrs_1/new/Basys3_Master.xdc:33]
CRITICAL WARNING: [Common 17-55] 'set_property' expects at least one object. [D:/HardWareLab/Lab06/Lab06.srcs/constrs_1/new/Basys3_Master.xdc:33]
Resolution: If [get_<value>] was used to populate the object, check to make sure this command returns at least one valid object.
WARNING: [Vivado 12-584] No ports matched 'sw[14]'. [D:/HardWareLab/Lab06/Lab06.srcs/constrs_1/new/Basys3_Master.xdc:34]
CRITICAL WARNING: [Common 17-55] 'set_property' expects at least one object. [D:/HardWareLab/Lab06/Lab06.srcs/constrs_1/new/Basys3_Master.xdc:34]
Resolution: If [get_<value>] was used to populate the object, check to make sure this command returns at least one valid object.
WARNING: [Vivado 12-584] No ports matched 'sw[14]'. [D:/HardWareLab/Lab06/Lab06.srcs/constrs_1/new/Basys3_Master.xdc:35]
CRITICAL WARNING: [Common 17-55] 'set_property' expects at least one object. [D:/HardWareLab/Lab06/Lab06.srcs/constrs_1/new/Basys3_Master.xdc:35]
Resolution: If [get_<value>] was used to populate the object, check to make sure this command returns at least one valid object.
WARNING: [Vivado 12-584] No ports matched 'sw[15]'. [D:/HardWareLab/Lab06/Lab06.srcs/constrs_1/new/Basys3_Master.xdc:36]
CRITICAL WARNING: [Common 17-55] 'set_property' expects at least one object. [D:/HardWareLab/Lab06/Lab06.srcs/constrs_1/new/Basys3_Master.xdc:36]
Resolution: If [get_<value>] was used to populate the object, check to make sure this command returns at least one valid object.
WARNING: [Vivado 12-584] No ports matched 'sw[15]'. [D:/HardWareLab/Lab06/Lab06.srcs/constrs_1/new/Basys3_Master.xdc:37]
CRITICAL WARNING: [Common 17-55] 'set_property' expects at least one object. [D:/HardWareLab/Lab06/Lab06.srcs/constrs_1/new/Basys3_Master.xdc:37]
Resolution: If [get_<value>] was used to populate the object, check to make sure this command returns at least one valid object.
Finished Parsing XDC File [D:/HardWareLab/Lab06/Lab06.srcs/constrs_1/new/Basys3_Master.xdc]
INFO: [Project 1-236] Implementation specific constraints were found while reading constraint file [D:/HardWareLab/Lab06/Lab06.srcs/constrs_1/new/Basys3_Master.xdc]. These constraints will be ignored for synthesis but will be used in implementation. Impacted constraints are listed in the file [.Xil/system_propImpl.xdc].
Resolution: To avoid this warning, move constraints listed in [.Xil/system_propImpl.xdc] to another XDC file and exclude this new file from synthesis with the used_in_synthesis property (File Properties dialog in GUI) and re-run elaboration/synthesis.
Completed Processing XDC Constraints

Netlist sorting complete. Time (s): cpu = 00:00:00 ; elapsed = 00:00:00 . Memory (MB): peak = 1590.020 ; gain = 0.000
INFO: [Project 1-111] Unisim Transformation Summary:
No Unisim elements were transformed.

Constraint Validation Runtime : Time (s): cpu = 00:00:00 ; elapsed = 00:00:00.002 . Memory (MB): peak = 1590.020 ; gain = 0.000
INFO: [Designutils 20-5440] No compile time benefit to using incremental synthesis; A full resynthesis will be run
INFO: [Designutils 20-4379] Flow is switching to default flow due to incremental criteria not met. If you would like to alter this behaviour and have the flow terminate instead, please set the following parameter config_implementation {autoIncr.Synth.RejectBehavior Terminate}
---------------------------------------------------------------------------------
Finished Constraint Validation : Time (s): cpu = 00:00:08 ; elapsed = 00:00:17 . Memory (MB): peak = 1590.020 ; gain = 650.230
---------------------------------------------------------------------------------
---------------------------------------------------------------------------------
Start Loading Part and Timing Information
---------------------------------------------------------------------------------
Loading part: xc7a35tcpg236-1
---------------------------------------------------------------------------------
Finished Loading Part and Timing Information : Time (s): cpu = 00:00:08 ; elapsed = 00:00:17 . Memory (MB): peak = 1590.020 ; gain = 650.230
---------------------------------------------------------------------------------
---------------------------------------------------------------------------------
Start Applying 'set_property' XDC Constraints
---------------------------------------------------------------------------------
---------------------------------------------------------------------------------
Finished applying 'set_property' XDC Constraints : Time (s): cpu = 00:00:08 ; elapsed = 00:00:17 . Memory (MB): peak = 1590.020 ; gain = 650.230
---------------------------------------------------------------------------------
---------------------------------------------------------------------------------
Finished RTL Optimization Phase 2 : Time (s): cpu = 00:00:08 ; elapsed = 00:00:17 . Memory (MB): peak = 1590.020 ; gain = 650.230
---------------------------------------------------------------------------------
---------------------------------------------------------------------------------
Start RTL Component Statistics 
---------------------------------------------------------------------------------
Detailed RTL Component Info : 
+---Adders : 
	   2 Input   32 Bit       Adders := 1     
	   2 Input    8 Bit       Adders := 2     
	   2 Input    2 Bit       Adders := 1     
+---Registers : 
	                8 Bit    Registers := 5     
	                2 Bit    Registers := 1     
	                1 Bit    Registers := 29    
+---Muxes : 
	   4 Input    8 Bit        Muxes := 1     
	   4 Input    4 Bit        Muxes := 1     
---------------------------------------------------------------------------------
Finished RTL Component Statistics 
---------------------------------------------------------------------------------
---------------------------------------------------------------------------------
Start Part Resource Summary
---------------------------------------------------------------------------------
Part Resources:
DSPs: 90 (col length:60)
BRAMs: 100 (col length: RAMB18 60 RAMB36 30)
---------------------------------------------------------------------------------
Finished Part Resource Summary
---------------------------------------------------------------------------------
---------------------------------------------------------------------------------
Start Cross Boundary and Area Optimization
---------------------------------------------------------------------------------
WARNING: [Synth 8-7080] Parallel synthesis criteria is not met
WARNING: [Synth 8-3917] design system has port dp driven by constant 1
WARNING: [Synth 8-7129] Port sw[7] in module system is either unconnected or has no load
WARNING: [Synth 8-7129] Port sw[6] in module system is either unconnected or has no load
WARNING: [Synth 8-7129] Port sw[5] in module system is either unconnected or has no load
WARNING: [Synth 8-7129] Port sw[4] in module system is either unconnected or has no load
WARNING: [Synth 8-7129] Port sw[3] in module system is either unconnected or has no load
WARNING: [Synth 8-7129] Port sw[2] in module system is either unconnected or has no load
WARNING: [Synth 8-7129] Port sw[1] in module system is either unconnected or has no load
WARNING: [Synth 8-7129] Port sw[0] in module system is either unconnected or has no load
---------------------------------------------------------------------------------
Finished Cross Boundary and Area Optimization : Time (s): cpu = 00:00:09 ; elapsed = 00:00:20 . Memory (MB): peak = 1590.020 ; gain = 650.230
---------------------------------------------------------------------------------
---------------------------------------------------------------------------------
Start ROM, RAM, DSP, Shift Register and Retiming Reporting
---------------------------------------------------------------------------------

ROM: Preliminary Mapping Report
+--------------+--------------------------+---------------+----------------+
|Module Name   | RTL Object               | Depth x Width | Implemented As | 
+--------------+--------------------------+---------------+----------------+
|hexTo7Segment | segments                 | 256x7         | LUT            | 
|system        | q7seg/segDecode/segments | 256x7         | LUT            | 
+--------------+--------------------------+---------------+----------------+

---------------------------------------------------------------------------------
Finished ROM, RAM, DSP, Shift Register and Retiming Reporting
---------------------------------------------------------------------------------
---------------------------------------------------------------------------------
Start Applying XDC Timing Constraints
---------------------------------------------------------------------------------
---------------------------------------------------------------------------------
Finished Applying XDC Timing Constraints : Time (s): cpu = 00:00:12 ; elapsed = 00:00:27 . Memory (MB): peak = 1590.020 ; gain = 650.230
---------------------------------------------------------------------------------
---------------------------------------------------------------------------------
Start Timing Optimization
---------------------------------------------------------------------------------
---------------------------------------------------------------------------------
Finished Timing Optimization : Time (s): cpu = 00:00:12 ; elapsed = 00:00:27 . Memory (MB): peak = 1590.020 ; gain = 650.230
---------------------------------------------------------------------------------
---------------------------------------------------------------------------------
Start Technology Mapping
---------------------------------------------------------------------------------
---------------------------------------------------------------------------------
Finished Technology Mapping : Time (s): cpu = 00:00:12 ; elapsed = 00:00:27 . Memory (MB): peak = 1590.020 ; gain = 650.230
---------------------------------------------------------------------------------
---------------------------------------------------------------------------------
Start IO Insertion
---------------------------------------------------------------------------------
---------------------------------------------------------------------------------
Start Flattening Before IO Insertion
---------------------------------------------------------------------------------
---------------------------------------------------------------------------------
Finished Flattening Before IO Insertion
---------------------------------------------------------------------------------
---------------------------------------------------------------------------------
Start Final Netlist Cleanup
---------------------------------------------------------------------------------
---------------------------------------------------------------------------------
Finished Final Netlist Cleanup
---------------------------------------------------------------------------------
---------------------------------------------------------------------------------
Finished IO Insertion : Time (s): cpu = 00:00:14 ; elapsed = 00:00:32 . Memory (MB): peak = 1590.020 ; gain = 650.230
---------------------------------------------------------------------------------
---------------------------------------------------------------------------------
Start Renaming Generated Instances
---------------------------------------------------------------------------------
---------------------------------------------------------------------------------
Finished Renaming Generated Instances : Time (s): cpu = 00:00:14 ; elapsed = 00:00:32 . Memory (MB): peak = 1590.020 ; gain = 650.230
---------------------------------------------------------------------------------
---------------------------------------------------------------------------------
Start Rebuilding User Hierarchy
---------------------------------------------------------------------------------
---------------------------------------------------------------------------------
Finished Rebuilding User Hierarchy : Time (s): cpu = 00:00:14 ; elapsed = 00:00:32 . Memory (MB): peak = 1590.020 ; gain = 650.230
---------------------------------------------------------------------------------
---------------------------------------------------------------------------------
Start Renaming Generated Ports
---------------------------------------------------------------------------------
---------------------------------------------------------------------------------
Finished Renaming Generated Ports : Time (s): cpu = 00:00:14 ; elapsed = 00:00:32 . Memory (MB): peak = 1590.020 ; gain = 650.230
---------------------------------------------------------------------------------
---------------------------------------------------------------------------------
Start Handling Custom Attributes
---------------------------------------------------------------------------------
---------------------------------------------------------------------------------
Finished Handling Custom Attributes : Time (s): cpu = 00:00:14 ; elapsed = 00:00:32 . Memory (MB): peak = 1590.020 ; gain = 650.230
---------------------------------------------------------------------------------
---------------------------------------------------------------------------------
Start Renaming Generated Nets
---------------------------------------------------------------------------------
---------------------------------------------------------------------------------
Finished Renaming Generated Nets : Time (s): cpu = 00:00:14 ; elapsed = 00:00:32 . Memory (MB): peak = 1590.020 ; gain = 650.230
---------------------------------------------------------------------------------
---------------------------------------------------------------------------------
Start Writing Synthesis Report
---------------------------------------------------------------------------------

Report BlackBoxes: 
+-+--------------+----------+
| |BlackBox name |Instances |
+-+--------------+----------+
+-+--------------+----------+

Report Cell Usage: 
+------+-------+------+
|      |Cell   |Count |
+------+-------+------+
|1     |BUFG   |     2|
|2     |CARRY4 |    16|
|3     |LUT1   |    25|
|4     |LUT2   |    14|
|5     |LUT3   |     6|
|6     |LUT4   |    11|
|7     |LUT5   |     9|
|8     |LUT6   |    39|
|9     |MUXF7  |     1|
|10    |FDRE   |   102|
|11    |IBUF   |     2|
|12    |OBUF   |    13|
+------+-------+------+
---------------------------------------------------------------------------------
Finished Writing Synthesis Report : Time (s): cpu = 00:00:14 ; elapsed = 00:00:32 . Memory (MB): peak = 1590.020 ; gain = 650.230
---------------------------------------------------------------------------------
Synthesis finished with 0 errors, 0 critical warnings and 10 warnings.
Synthesis Optimization Runtime : Time (s): cpu = 00:00:09 ; elapsed = 00:00:30 . Memory (MB): peak = 1590.020 ; gain = 558.375
Synthesis Optimization Complete : Time (s): cpu = 00:00:14 ; elapsed = 00:00:32 . Memory (MB): peak = 1590.020 ; gain = 650.230
INFO: [Project 1-571] Translating synthesized netlist
Netlist sorting complete. Time (s): cpu = 00:00:00 ; elapsed = 00:00:00.002 . Memory (MB): peak = 1590.020 ; gain = 0.000
INFO: [Netlist 29-17] Analyzing 17 Unisim elements for replacement
INFO: [Netlist 29-28] Unisim Transformation completed in 0 CPU seconds
INFO: [Project 1-570] Preparing netlist for logic optimization
INFO: [Opt 31-138] Pushed 0 inverter(s) to 0 load pin(s).
Netlist sorting complete. Time (s): cpu = 00:00:00 ; elapsed = 00:00:00 . Memory (MB): peak = 1590.020 ; gain = 0.000
INFO: [Project 1-111] Unisim Transformation Summary:
No Unisim elements were transformed.

Synth Design complete | Checksum: b6e15a25
INFO: [Common 17-83] Releasing license: Synthesis
40 Infos, 40 Warnings, 16 Critical Warnings and 0 Errors encountered.
synth_design completed successfully
synth_design: Time (s): cpu = 00:00:16 ; elapsed = 00:00:50 . Memory (MB): peak = 1590.020 ; gain = 1049.090
INFO: [runtcl-6] Synthesis results are not added to the cache due to CRITICAL_WARNING
Write ShapeDB Complete: Time (s): cpu = 00:00:00 ; elapsed = 00:00:00.002 . Memory (MB): peak = 1590.020 ; gain = 0.000
INFO: [Common 17-1381] The checkpoint 'D:/HardWareLab/Lab06/Lab06.runs/synth_1/system.dcp' has been generated.
INFO: [Vivado 12-24828] Executing command : report_utilization -file system_utilization_synth.rpt -pb system_utilization_synth.pb
INFO: [Common 17-206] Exiting Vivado at Tue Dec  3 22:30:27 2024...
